TN:
SF:C:\xampp\htdocs\irib\hbbtv\hop\src\_utilities\storage.utility.spec.ts
FN:4,(anonymous_0)
FN:5,(anonymous_1)
FNF:2
FNH:2
FNDA:1,(anonymous_0)
FNDA:1,(anonymous_1)
DA:2,1
DA:3,1
DA:4,1
DA:5,1
DA:6,1
LF:5
LH:5
BRF:0
BRH:0
end_of_record
TN:
SF:C:\xampp\htdocs\irib\hbbtv\hop\src\_utilities\storage.utility.ts
FN:8,(anonymous_0)
FN:31,(anonymous_1)
FN:77,(anonymous_2)
FN:97,(anonymous_3)
FN:121,(anonymous_4)
FN:129,(anonymous_5)
FN:137,(anonymous_6)
FNF:7
FNH:0
FNDA:0,(anonymous_0)
FNDA:0,(anonymous_1)
FNDA:0,(anonymous_2)
FNDA:0,(anonymous_3)
FNDA:0,(anonymous_4)
FNDA:0,(anonymous_5)
FNDA:0,(anonymous_6)
DA:2,1
DA:3,1
DA:6,1
DA:9,0
DA:10,0
DA:12,0
DA:13,0
DA:17,0
DA:18,0
DA:20,0
DA:21,0
DA:22,0
DA:24,0
DA:25,0
DA:26,0
DA:27,0
DA:29,0
DA:32,0
DA:33,0
DA:35,0
DA:36,0
DA:40,0
DA:41,0
DA:42,0
DA:43,0
DA:44,0
DA:46,0
DA:54,0
DA:55,0
DA:56,0
DA:57,0
DA:58,0
DA:59,0
DA:61,0
DA:62,0
DA:63,0
DA:64,0
DA:71,0
DA:72,0
DA:75,0
DA:78,0
DA:79,0
DA:80,0
DA:81,0
DA:82,0
DA:83,0
DA:86,0
DA:90,0
DA:94,0
DA:98,0
DA:99,0
DA:101,0
DA:102,0
DA:103,0
DA:104,0
DA:106,0
DA:107,0
DA:108,0
DA:110,0
DA:111,0
DA:113,0
DA:114,0
DA:116,0
DA:117,0
DA:119,0
DA:122,0
DA:123,0
DA:126,0
DA:130,0
DA:131,0
DA:134,0
DA:138,0
DA:139,0
DA:141,0
DA:142,0
DA:145,0
DA:147,0
DA:150,1
LF:78
LH:4
BRDA:9,0,0,0
BRDA:9,0,1,0
BRDA:12,1,0,0
BRDA:12,1,1,0
BRDA:15,2,0,0
BRDA:15,2,1,0
BRDA:21,3,0,0
BRDA:21,3,1,0
BRDA:25,4,0,0
BRDA:25,4,1,0
BRDA:25,5,0,0
BRDA:25,5,1,0
BRDA:32,6,0,0
BRDA:32,6,1,0
BRDA:35,7,0,0
BRDA:35,7,1,0
BRDA:43,8,0,0
BRDA:43,8,1,0
BRDA:48,9,0,0
BRDA:48,9,1,0
BRDA:49,10,0,0
BRDA:49,10,1,0
BRDA:50,11,0,0
BRDA:50,11,1,0
BRDA:51,12,0,0
BRDA:51,12,1,0
BRDA:54,13,0,0
BRDA:54,13,1,0
BRDA:57,14,0,0
BRDA:57,14,1,0
BRDA:58,15,0,0
BRDA:58,15,1,0
BRDA:78,16,0,0
BRDA:78,16,1,0
BRDA:81,17,0,0
BRDA:81,17,1,0
BRDA:98,18,0,0
BRDA:98,18,1,0
BRDA:101,19,0,0
BRDA:101,19,1,0
BRDA:107,20,0,0
BRDA:107,20,1,0
BRDA:110,21,0,0
BRDA:110,21,1,0
BRDA:113,22,0,0
BRDA:113,22,1,0
BRDA:116,23,0,0
BRDA:116,23,1,0
BRDA:122,24,0,0
BRDA:122,24,1,0
BRDA:130,25,0,0
BRDA:130,25,1,0
BRDA:138,26,0,0
BRDA:138,26,1,0
BRDA:141,27,0,0
BRDA:141,27,1,0
BRF:56
BRH:0
end_of_record
TN:
SF:C:\xampp\htdocs\irib\hbbtv\hop\tests\unit\spec-bundle.js
FN:5,requireAll
FNF:1
FNH:1
FNDA:1,requireAll
DA:1,1
DA:3,1
DA:6,1
DA:9,1
LF:4
LH:4
BRF:0
BRH:0
end_of_record
